<?xml version="1.0" encoding="UTF-8"?>
<!-- Generated by org.testng.reporters.JUnitXMLReporter -->
<testsuite hostname="LAPTOP-U8Q0J0OL" name="AdminLoginTest" tests="1" failures="1" timestamp="21 Feb 2019 04:35:24 GMT" time="10.95" errors="0">
  <testcase name="checkadminlogin" time="1.813" classname="com.primusbank.testng.AdminLoginTest">
    <failure type="java.lang.AssertionError" message="expected [true] but found [false]">
      <![CDATA[java.lang.AssertionError: expected [true] but found [false]
	at com.primusbank.testng.AdminLoginTest.checkadminlogin(AdminLoginTest.java:21)
... Removed 28 stack frames]]>
    </failure>
  </testcase> <!-- checkadminlogin -->
</testsuite> <!-- AdminLoginTest -->
